[22-May-2018 06:27:15 UTC] PHP Warning:  Missing argument 4 for Account::register(), called in /home/ubuntu/workspace/ajax/register.ajax.php on line 12 and defined in /home/ubuntu/workspace/classes/account.class.php on line 7
[22-May-2018 06:27:15 UTC] PHP Stack trace:
[22-May-2018 06:27:15 UTC] PHP   1. {main}() /home/ubuntu/workspace/ajax/register.ajax.php:0
[22-May-2018 06:27:15 UTC] PHP   2. Account->register() /home/ubuntu/workspace/ajax/register.ajax.php:12
[22-May-2018 06:27:15 UTC] PHP Fatal error:  Call to a member function bind_param() on a non-object in /home/ubuntu/workspace/classes/account.class.php on line 63
[22-May-2018 06:27:15 UTC] PHP Stack trace:
[22-May-2018 06:27:15 UTC] PHP   1. {main}() /home/ubuntu/workspace/ajax/register.ajax.php:0
[22-May-2018 06:27:15 UTC] PHP   2. Account->register() /home/ubuntu/workspace/ajax/register.ajax.php:12
[22-May-2018 06:27:15 UTC] PHP   3. Account->checkUserName() /home/ubuntu/workspace/classes/account.class.php:17
[22-May-2018 06:39:14 UTC] PHP Warning:  Missing argument 4 for Account::register(), called in /home/ubuntu/workspace/ajax/register.ajax.php on line 12 and defined in /home/ubuntu/workspace/classes/account.class.php on line 7
[22-May-2018 06:39:14 UTC] PHP Stack trace:
[22-May-2018 06:39:14 UTC] PHP   1. {main}() /home/ubuntu/workspace/ajax/register.ajax.php:0
[22-May-2018 06:39:14 UTC] PHP   2. Account->register() /home/ubuntu/workspace/ajax/register.ajax.php:12
[22-May-2018 06:39:14 UTC] PHP Fatal error:  Call to a member function bind_param() on a non-object in /home/ubuntu/workspace/classes/account.class.php on line 63
[22-May-2018 06:39:14 UTC] PHP Stack trace:
[22-May-2018 06:39:14 UTC] PHP   1. {main}() /home/ubuntu/workspace/ajax/register.ajax.php:0
[22-May-2018 06:39:14 UTC] PHP   2. Account->register() /home/ubuntu/workspace/ajax/register.ajax.php:12
[22-May-2018 06:39:14 UTC] PHP   3. Account->checkUserName() /home/ubuntu/workspace/classes/account.class.php:17
[22-May-2018 06:58:54 UTC] PHP Warning:  Missing argument 4 for Account::register(), called in /home/ubuntu/workspace/ajax/register.ajax.php on line 12 and defined in /home/ubuntu/workspace/classes/account.class.php on line 7
[22-May-2018 06:58:54 UTC] PHP Stack trace:
[22-May-2018 06:58:54 UTC] PHP   1. {main}() /home/ubuntu/workspace/ajax/register.ajax.php:0
[22-May-2018 06:58:54 UTC] PHP   2. Account->register() /home/ubuntu/workspace/ajax/register.ajax.php:12
[22-May-2018 06:58:54 UTC] PHP Fatal error:  Call to a member function bind_param() on a non-object in /home/ubuntu/workspace/classes/account.class.php on line 63
[22-May-2018 06:58:54 UTC] PHP Stack trace:
[22-May-2018 06:58:54 UTC] PHP   1. {main}() /home/ubuntu/workspace/ajax/register.ajax.php:0
[22-May-2018 06:58:54 UTC] PHP   2. Account->register() /home/ubuntu/workspace/ajax/register.ajax.php:12
[22-May-2018 06:58:54 UTC] PHP   3. Account->checkUserName() /home/ubuntu/workspace/classes/account.class.php:17
[22-May-2018 06:59:52 UTC] PHP Warning:  Missing argument 4 for Account::register(), called in /home/ubuntu/workspace/ajax/register.ajax.php on line 12 and defined in /home/ubuntu/workspace/classes/account.class.php on line 7
[22-May-2018 06:59:52 UTC] PHP Stack trace:
[22-May-2018 06:59:52 UTC] PHP   1. {main}() /home/ubuntu/workspace/ajax/register.ajax.php:0
[22-May-2018 06:59:52 UTC] PHP   2. Account->register() /home/ubuntu/workspace/ajax/register.ajax.php:12
[22-May-2018 06:59:52 UTC] PHP Fatal error:  Call to a member function bind_param() on a non-object in /home/ubuntu/workspace/classes/account.class.php on line 63
[22-May-2018 06:59:52 UTC] PHP Stack trace:
[22-May-2018 06:59:52 UTC] PHP   1. {main}() /home/ubuntu/workspace/ajax/register.ajax.php:0
[22-May-2018 06:59:52 UTC] PHP   2. Account->register() /home/ubuntu/workspace/ajax/register.ajax.php:12
[22-May-2018 06:59:52 UTC] PHP   3. Account->checkUserName() /home/ubuntu/workspace/classes/account.class.php:17
[22-May-2018 07:02:16 UTC] PHP Fatal error:  Call to a member function bind_param() on a non-object in /home/ubuntu/workspace/classes/account.class.php on line 63
[22-May-2018 07:02:16 UTC] PHP Stack trace:
[22-May-2018 07:02:16 UTC] PHP   1. {main}() /home/ubuntu/workspace/ajax/register.ajax.php:0
[22-May-2018 07:02:16 UTC] PHP   2. Account->register() /home/ubuntu/workspace/ajax/register.ajax.php:13
[22-May-2018 07:02:16 UTC] PHP   3. Account->checkUserName() /home/ubuntu/workspace/classes/account.class.php:17
[22-May-2018 07:04:49 UTC] PHP Fatal error:  Call to a member function bind_param() on a non-object in /home/ubuntu/workspace/classes/account.class.php on line 63
[22-May-2018 07:04:49 UTC] PHP Stack trace:
[22-May-2018 07:04:49 UTC] PHP   1. {main}() /home/ubuntu/workspace/ajax/register.ajax.php:0
[22-May-2018 07:04:49 UTC] PHP   2. Account->register() /home/ubuntu/workspace/ajax/register.ajax.php:13
[22-May-2018 07:04:49 UTC] PHP   3. Account->checkUserName() /home/ubuntu/workspace/classes/account.class.php:17
[22-May-2018 07:06:05 UTC] PHP Fatal error:  Call to a member function bind_param() on a non-object in /home/ubuntu/workspace/classes/account.class.php on line 63
[22-May-2018 07:06:05 UTC] PHP Stack trace:
[22-May-2018 07:06:05 UTC] PHP   1. {main}() /home/ubuntu/workspace/ajax/register.ajax.php:0
[22-May-2018 07:06:05 UTC] PHP   2. Account->register() /home/ubuntu/workspace/ajax/register.ajax.php:13
[22-May-2018 07:06:05 UTC] PHP   3. Account->checkUserName() /home/ubuntu/workspace/classes/account.class.php:17
[22-May-2018 07:14:55 UTC] PHP Fatal error:  Call to a member function bind_param() on a non-object in /home/ubuntu/workspace/classes/account.class.php on line 63
[22-May-2018 07:14:55 UTC] PHP Stack trace:
[22-May-2018 07:14:55 UTC] PHP   1. {main}() /home/ubuntu/workspace/ajax/register.ajax.php:0
[22-May-2018 07:14:55 UTC] PHP   2. Account->register() /home/ubuntu/workspace/ajax/register.ajax.php:13
[22-May-2018 07:14:55 UTC] PHP   3. Account->checkUserName() /home/ubuntu/workspace/classes/account.class.php:17
[22-May-2018 07:23:33 UTC] PHP Fatal error:  Call to a member function bind_param() on a non-object in /home/ubuntu/workspace/classes/account.class.php on line 63
[22-May-2018 07:23:33 UTC] PHP Stack trace:
[22-May-2018 07:23:33 UTC] PHP   1. {main}() /home/ubuntu/workspace/ajax/register.ajax.php:0
[22-May-2018 07:23:33 UTC] PHP   2. Account->register() /home/ubuntu/workspace/ajax/register.ajax.php:13
[22-May-2018 07:23:33 UTC] PHP   3. Account->checkUserName() /home/ubuntu/workspace/classes/account.class.php:17
[22-May-2018 07:32:39 UTC] PHP Fatal error:  Call to a member function bind_param() on a non-object in /home/ubuntu/workspace/classes/account.class.php on line 63
[22-May-2018 07:32:39 UTC] PHP Stack trace:
[22-May-2018 07:32:39 UTC] PHP   1. {main}() /home/ubuntu/workspace/ajax/register.ajax.php:0
[22-May-2018 07:32:39 UTC] PHP   2. Account->register() /home/ubuntu/workspace/ajax/register.ajax.php:13
[22-May-2018 07:32:39 UTC] PHP   3. Account->checkUserName() /home/ubuntu/workspace/classes/account.class.php:17
[24-May-2018 03:08:34 UTC] PHP Fatal error:  Cannot redeclare Account::checkUserName() in /home/ubuntu/workspace/classes/account.class.php on line 115
[24-May-2018 03:08:34 UTC] PHP Stack trace:
[24-May-2018 03:08:34 UTC] PHP   1. {main}() /home/ubuntu/workspace/ajax/register.ajax.php:0
[24-May-2018 03:08:34 UTC] PHP   2. spl_autoload_call() /home/ubuntu/workspace/ajax/register.ajax.php:4
[24-May-2018 03:08:34 UTC] PHP   3. loadClass() /home/ubuntu/workspace/ajax/register.ajax.php:4
[24-May-2018 03:30:04 UTC] PHP Fatal error:  Call to a member function bind_param() on a non-object in /home/ubuntu/workspace/classes/account.class.php on line 43
[24-May-2018 03:30:04 UTC] PHP Stack trace:
[24-May-2018 03:30:04 UTC] PHP   1. {main}() /home/ubuntu/workspace/ajax/register.ajax.php:0
[24-May-2018 03:30:04 UTC] PHP   2. Account->register() /home/ubuntu/workspace/ajax/register.ajax.php:15
[24-May-2018 03:56:34 UTC] PHP Fatal error:  Call to a member function bind_param() on a non-object in /home/ubuntu/workspace/classes/account.class.php on line 42
[24-May-2018 03:56:34 UTC] PHP Stack trace:
[24-May-2018 03:56:34 UTC] PHP   1. {main}() /home/ubuntu/workspace/ajax/register.ajax.php:0
[24-May-2018 03:56:34 UTC] PHP   2. Account->register() /home/ubuntu/workspace/ajax/register.ajax.php:15
[24-May-2018 04:07:07 UTC] PHP Fatal error:  Call to a member function bind_param() on a non-object in /home/ubuntu/workspace/classes/account.class.php on line 42
[24-May-2018 04:07:07 UTC] PHP Stack trace:
[24-May-2018 04:07:07 UTC] PHP   1. {main}() /home/ubuntu/workspace/ajax/register.ajax.php:0
[24-May-2018 04:07:07 UTC] PHP   2. Account->register() /home/ubuntu/workspace/ajax/register.ajax.php:15
[24-May-2018 04:07:32 UTC] PHP Fatal error:  Call to a member function bind_param() on a non-object in /home/ubuntu/workspace/classes/account.class.php on line 42
[24-May-2018 04:07:32 UTC] PHP Stack trace:
[24-May-2018 04:07:32 UTC] PHP   1. {main}() /home/ubuntu/workspace/ajax/register.ajax.php:0
[24-May-2018 04:07:32 UTC] PHP   2. Account->register() /home/ubuntu/workspace/ajax/register.ajax.php:15
[24-May-2018 04:09:39 UTC] PHP Fatal error:  Call to a member function bind_param() on a non-object in /home/ubuntu/workspace/classes/account.class.php on line 42
[24-May-2018 04:09:39 UTC] PHP Stack trace:
[24-May-2018 04:09:39 UTC] PHP   1. {main}() /home/ubuntu/workspace/ajax/register.ajax.php:0
[24-May-2018 04:09:39 UTC] PHP   2. Account->register() /home/ubuntu/workspace/ajax/register.ajax.php:15
[24-May-2018 04:11:38 UTC] PHP Fatal error:  Call to a member function bind_param() on a non-object in /home/ubuntu/workspace/classes/account.class.php on line 42
[24-May-2018 04:11:38 UTC] PHP Stack trace:
[24-May-2018 04:11:38 UTC] PHP   1. {main}() /home/ubuntu/workspace/ajax/register.ajax.php:0
[24-May-2018 04:11:38 UTC] PHP   2. Account->register() /home/ubuntu/workspace/ajax/register.ajax.php:15
[24-May-2018 04:16:08 UTC] PHP Fatal error:  Call to a member function bind_param() on a non-object in /home/ubuntu/workspace/classes/account.class.php on line 42
[24-May-2018 04:16:08 UTC] PHP Stack trace:
[24-May-2018 04:16:08 UTC] PHP   1. {main}() /home/ubuntu/workspace/ajax/register.ajax.php:0
[24-May-2018 04:16:08 UTC] PHP   2. Account->register() /home/ubuntu/workspace/ajax/register.ajax.php:15
[24-May-2018 04:18:36 UTC] PHP Fatal error:  Call to a member function bind_param() on a non-object in /home/ubuntu/workspace/classes/account.class.php on line 42
[24-May-2018 04:18:36 UTC] PHP Stack trace:
[24-May-2018 04:18:36 UTC] PHP   1. {main}() /home/ubuntu/workspace/ajax/register.ajax.php:0
[24-May-2018 04:18:36 UTC] PHP   2. Account->register() /home/ubuntu/workspace/ajax/register.ajax.php:15
[24-May-2018 04:20:23 UTC] PHP Fatal error:  Call to a member function bind_param() on a non-object in /home/ubuntu/workspace/classes/account.class.php on line 42
[24-May-2018 04:20:23 UTC] PHP Stack trace:
[24-May-2018 04:20:23 UTC] PHP   1. {main}() /home/ubuntu/workspace/ajax/register.ajax.php:0
[24-May-2018 04:20:23 UTC] PHP   2. Account->register() /home/ubuntu/workspace/ajax/register.ajax.php:15
[24-May-2018 06:50:22 UTC] PHP Fatal error:  Call to a member function bind_param() on a non-object in /home/ubuntu/workspace/classes/account.class.php on line 42
[24-May-2018 06:50:22 UTC] PHP Stack trace:
[24-May-2018 06:50:22 UTC] PHP   1. {main}() /home/ubuntu/workspace/ajax/register.ajax.php:0
[24-May-2018 06:50:22 UTC] PHP   2. Account->register() /home/ubuntu/workspace/ajax/register.ajax.php:15
[24-May-2018 07:03:16 UTC] PHP Fatal error:  Call to a member function bind_param() on a non-object in /home/ubuntu/workspace/classes/account.class.php on line 42
[24-May-2018 07:03:17 UTC] PHP Stack trace:
[24-May-2018 07:03:17 UTC] PHP   1. {main}() /home/ubuntu/workspace/ajax/register.ajax.php:0
[24-May-2018 07:03:17 UTC] PHP   2. Account->register() /home/ubuntu/workspace/ajax/register.ajax.php:15
[24-May-2018 07:05:08 UTC] PHP Fatal error:  Call to a member function bind_param() on a non-object in /home/ubuntu/workspace/classes/account.class.php on line 42
[24-May-2018 07:05:08 UTC] PHP Stack trace:
[24-May-2018 07:05:08 UTC] PHP   1. {main}() /home/ubuntu/workspace/ajax/register.ajax.php:0
[24-May-2018 07:05:08 UTC] PHP   2. Account->register() /home/ubuntu/workspace/ajax/register.ajax.php:15
[24-May-2018 07:06:47 UTC] PHP Fatal error:  Call to a member function bind_param() on a non-object in /home/ubuntu/workspace/classes/account.class.php on line 42
[24-May-2018 07:06:47 UTC] PHP Stack trace:
[24-May-2018 07:06:47 UTC] PHP   1. {main}() /home/ubuntu/workspace/ajax/register.ajax.php:0
[24-May-2018 07:06:47 UTC] PHP   2. Account->register() /home/ubuntu/workspace/ajax/register.ajax.php:15
[24-May-2018 07:09:15 UTC] PHP Fatal error:  Call to a member function bind_param() on a non-object in /home/ubuntu/workspace/classes/account.class.php on line 42
[24-May-2018 07:09:15 UTC] PHP Stack trace:
[24-May-2018 07:09:15 UTC] PHP   1. {main}() /home/ubuntu/workspace/ajax/register.ajax.php:0
[24-May-2018 07:09:15 UTC] PHP   2. Account->register() /home/ubuntu/workspace/ajax/register.ajax.php:15
[24-May-2018 07:11:03 UTC] PHP Fatal error:  Call to a member function bind_param() on a non-object in /home/ubuntu/workspace/classes/account.class.php on line 42
[24-May-2018 07:11:03 UTC] PHP Stack trace:
[24-May-2018 07:11:03 UTC] PHP   1. {main}() /home/ubuntu/workspace/ajax/register.ajax.php:0
[24-May-2018 07:11:03 UTC] PHP   2. Account->register() /home/ubuntu/workspace/ajax/register.ajax.php:15
[24-May-2018 07:12:56 UTC] PHP Fatal error:  Call to a member function bind_param() on a non-object in /home/ubuntu/workspace/classes/account.class.php on line 42
[24-May-2018 07:12:56 UTC] PHP Stack trace:
[24-May-2018 07:12:56 UTC] PHP   1. {main}() /home/ubuntu/workspace/ajax/register.ajax.php:0
[24-May-2018 07:12:56 UTC] PHP   2. Account->register() /home/ubuntu/workspace/ajax/register.ajax.php:15
[24-May-2018 07:17:37 UTC] PHP Fatal error:  Call to a member function bind_param() on a non-object in /home/ubuntu/workspace/classes/account.class.php on line 42
[24-May-2018 07:17:37 UTC] PHP Stack trace:
[24-May-2018 07:17:37 UTC] PHP   1. {main}() /home/ubuntu/workspace/ajax/register.ajax.php:0
[24-May-2018 07:17:37 UTC] PHP   2. Account->register() /home/ubuntu/workspace/ajax/register.ajax.php:15
[24-May-2018 08:32:16 UTC] PHP Fatal error:  Call to a member function bind_param() on a non-object in /home/ubuntu/workspace/classes/account.class.php on line 42
[24-May-2018 08:32:16 UTC] PHP Stack trace:
[24-May-2018 08:32:16 UTC] PHP   1. {main}() /home/ubuntu/workspace/ajax/register.ajax.php:0
[24-May-2018 08:32:16 UTC] PHP   2. Account->register() /home/ubuntu/workspace/ajax/register.ajax.php:15
[24-May-2018 08:33:36 UTC] PHP Fatal error:  Call to a member function bind_param() on a non-object in /home/ubuntu/workspace/classes/account.class.php on line 42
[24-May-2018 08:33:36 UTC] PHP Stack trace:
[24-May-2018 08:33:36 UTC] PHP   1. {main}() /home/ubuntu/workspace/ajax/register.ajax.php:0
[24-May-2018 08:33:36 UTC] PHP   2. Account->register() /home/ubuntu/workspace/ajax/register.ajax.php:15
[24-May-2018 08:36:52 UTC] PHP Fatal error:  Call to a member function bind_param() on a non-object in /home/ubuntu/workspace/classes/account.class.php on line 42
[24-May-2018 08:36:52 UTC] PHP Stack trace:
[24-May-2018 08:36:52 UTC] PHP   1. {main}() /home/ubuntu/workspace/ajax/register.ajax.php:0
[24-May-2018 08:36:52 UTC] PHP   2. Account->register() /home/ubuntu/workspace/ajax/register.ajax.php:15
[24-May-2018 09:14:00 UTC] PHP Fatal error:  Call to a member function bind_param() on a non-object in /home/ubuntu/workspace/classes/account.class.php on line 42
[24-May-2018 09:14:00 UTC] PHP Stack trace:
[24-May-2018 09:14:00 UTC] PHP   1. {main}() /home/ubuntu/workspace/ajax/register.ajax.php:0
[24-May-2018 09:14:00 UTC] PHP   2. Account->register() /home/ubuntu/workspace/ajax/register.ajax.php:15
[24-May-2018 10:40:39 UTC] PHP Fatal error:  Call to a member function bind_param() on a non-object in /home/ubuntu/workspace/classes/account.class.php on line 42
[24-May-2018 10:40:39 UTC] PHP Stack trace:
[24-May-2018 10:40:39 UTC] PHP   1. {main}() /home/ubuntu/workspace/ajax/register.ajax.php:0
[24-May-2018 10:40:39 UTC] PHP   2. Account->register() /home/ubuntu/workspace/ajax/register.ajax.php:15
[24-May-2018 10:58:00 UTC] PHP Fatal error:  Call to a member function bind_param() on a non-object in /home/ubuntu/workspace/classes/account.class.php on line 42
[24-May-2018 10:58:00 UTC] PHP Stack trace:
[24-May-2018 10:58:00 UTC] PHP   1. {main}() /home/ubuntu/workspace/ajax/register.ajax.php:0
[24-May-2018 10:58:00 UTC] PHP   2. Account->register() /home/ubuntu/workspace/ajax/register.ajax.php:15
[24-May-2018 11:01:04 UTC] PHP Fatal error:  Call to a member function bind_param() on a non-object in /home/ubuntu/workspace/classes/account.class.php on line 42
[24-May-2018 11:01:04 UTC] PHP Stack trace:
[24-May-2018 11:01:04 UTC] PHP   1. {main}() /home/ubuntu/workspace/ajax/register.ajax.php:0
[24-May-2018 11:01:04 UTC] PHP   2. Account->register() /home/ubuntu/workspace/ajax/register.ajax.php:15
[24-May-2018 11:08:53 UTC] PHP Fatal error:  Call to a member function bind_param() on a non-object in /home/ubuntu/workspace/classes/account.class.php on line 42
[24-May-2018 11:08:53 UTC] PHP Stack trace:
[24-May-2018 11:08:53 UTC] PHP   1. {main}() /home/ubuntu/workspace/ajax/register.ajax.php:0
[24-May-2018 11:08:53 UTC] PHP   2. Account->register() /home/ubuntu/workspace/ajax/register.ajax.php:15
[24-May-2018 13:19:10 UTC] PHP Fatal error:  Call to a member function bind_param() on a non-object in /home/ubuntu/workspace/classes/account.class.php on line 42
[24-May-2018 13:19:10 UTC] PHP Stack trace:
[24-May-2018 13:19:10 UTC] PHP   1. {main}() /home/ubuntu/workspace/ajax/register.ajax.php:0
[24-May-2018 13:19:10 UTC] PHP   2. Account->register() /home/ubuntu/workspace/ajax/register.ajax.php:15
[24-May-2018 13:19:48 UTC] PHP Fatal error:  Call to a member function bind_param() on a non-object in /home/ubuntu/workspace/classes/account.class.php on line 42
[24-May-2018 13:19:48 UTC] PHP Stack trace:
[24-May-2018 13:19:48 UTC] PHP   1. {main}() /home/ubuntu/workspace/ajax/register.ajax.php:0
[24-May-2018 13:19:48 UTC] PHP   2. Account->register() /home/ubuntu/workspace/ajax/register.ajax.php:15
[24-May-2018 17:21:03 UTC] PHP Parse error:  syntax error, unexpected '$companyName' (T_VARIABLE) in /home/ubuntu/workspace/classes/company.class.php on line 86
[24-May-2018 17:21:03 UTC] PHP Stack trace:
[24-May-2018 17:21:03 UTC] PHP   1. {main}() /home/ubuntu/workspace/ajax/registercompany.ajax.php:0
[24-May-2018 17:21:03 UTC] PHP   2. spl_autoload_call() /home/ubuntu/workspace/ajax/registercompany.ajax.php:8
[24-May-2018 17:21:03 UTC] PHP   3. loadClass() /home/ubuntu/workspace/ajax/registercompany.ajax.php:8
[24-May-2018 17:23:52 UTC] PHP Parse error:  syntax error, unexpected '$companyName' (T_VARIABLE) in /home/ubuntu/workspace/classes/company.class.php on line 86
[24-May-2018 17:23:52 UTC] PHP Stack trace:
[24-May-2018 17:23:52 UTC] PHP   1. {main}() /home/ubuntu/workspace/ajax/registercompany.ajax.php:0
[24-May-2018 17:23:52 UTC] PHP   2. spl_autoload_call() /home/ubuntu/workspace/ajax/registercompany.ajax.php:8
[24-May-2018 17:23:52 UTC] PHP   3. loadClass() /home/ubuntu/workspace/ajax/registercompany.ajax.php:8
[24-May-2018 17:24:26 UTC] PHP Fatal error:  Call to undefined function cleanString() in /home/ubuntu/workspace/classes/company.class.php on line 27
[24-May-2018 17:24:26 UTC] PHP Stack trace:
[24-May-2018 17:24:26 UTC] PHP   1. {main}() /home/ubuntu/workspace/ajax/registercompany.ajax.php:0
[24-May-2018 17:24:26 UTC] PHP   2. Company->create() /home/ubuntu/workspace/ajax/registercompany.ajax.php:19
[24-May-2018 23:07:30 UTC] PHP Fatal error:  Call to a member function bind_param() on a non-object in /home/ubuntu/workspace/classes/account.class.php on line 42
[24-May-2018 23:07:30 UTC] PHP Stack trace:
[24-May-2018 23:07:30 UTC] PHP   1. {main}() /home/ubuntu/workspace/ajax/register.ajax.php:0
[24-May-2018 23:07:30 UTC] PHP   2. Account->register() /home/ubuntu/workspace/ajax/register.ajax.php:15
[24-May-2018 23:11:19 UTC] PHP Fatal error:  Call to a member function bind_param() on a non-object in /home/ubuntu/workspace/classes/account.class.php on line 42
[24-May-2018 23:11:19 UTC] PHP Stack trace:
[24-May-2018 23:11:19 UTC] PHP   1. {main}() /home/ubuntu/workspace/ajax/register.ajax.php:0
[24-May-2018 23:11:19 UTC] PHP   2. Account->register() /home/ubuntu/workspace/ajax/register.ajax.php:15
[25-May-2018 11:12:27 UTC] PHP Fatal error:  Call to a member function bind_param() on a non-object in /home/ubuntu/workspace/classes/account.class.php on line 42
[25-May-2018 11:12:27 UTC] PHP Stack trace:
[25-May-2018 11:12:27 UTC] PHP   1. {main}() /home/ubuntu/workspace/ajax/register.ajax.php:0
[25-May-2018 11:12:27 UTC] PHP   2. Account->register() /home/ubuntu/workspace/ajax/register.ajax.php:15
[27-May-2018 13:38:49 UTC] PHP Fatal error:  Class 'Manager' not found in /home/ubuntu/workspace/ajax/registermanager.ajax.php on line 14
[27-May-2018 13:38:49 UTC] PHP Stack trace:
[27-May-2018 13:38:49 UTC] PHP   1. {main}() /home/ubuntu/workspace/ajax/registermanager.ajax.php:0
[27-May-2018 13:39:03 UTC] PHP Fatal error:  Class 'Manager' not found in /home/ubuntu/workspace/ajax/registermanager.ajax.php on line 14
[27-May-2018 13:39:03 UTC] PHP Stack trace:
[27-May-2018 13:39:03 UTC] PHP   1. {main}() /home/ubuntu/workspace/ajax/registermanager.ajax.php:0
[27-May-2018 13:40:10 UTC] PHP Fatal error:  Class 'Manager' not found in /home/ubuntu/workspace/ajax/registermanager.ajax.php on line 14
[27-May-2018 13:40:10 UTC] PHP Stack trace:
[27-May-2018 13:40:10 UTC] PHP   1. {main}() /home/ubuntu/workspace/ajax/registermanager.ajax.php:0
